<?xml version="1.0" encoding="UTF-8"?>
<!-- Generated by org.testng.reporters.JUnitReportReporter -->
<testsuite hostname="HAGRASS" failures="0" tests="1" name="Sim.DeleteSimNG" time="16.435" errors="0" timestamp="2023-07-31T09:26:49 EET" skipped="0">
  <testcase classname="Sim.DeleteSimNG" name="DeleteSimNG" time="16.435"/>
  <system-out/>
</testsuite> <!-- Sim.DeleteSimNG -->
