<?xml version="1.0" encoding="UTF-8"?>
<!-- Generated by org.testng.reporters.JUnitReportReporter -->
<testsuite hostname="HAGRASS" failures="0" tests="1" name="maiada.NG_createAccNeg" time="7.928" errors="0" timestamp="2023-04-18T06:50:38 EET" skipped="0">
  <testcase classname="maiada.NG_createAccNeg" name="main" time="7.928"/>
  <system-out/>
</testsuite> <!-- maiada.NG_createAccNeg -->
