<?xml version="1.0" encoding="UTF-8"?>
<!-- Generated by org.testng.reporters.JUnitReportReporter -->
<testsuite hostname="HAGRASS" failures="0" tests="1" name="TestNG.editProfile_AddDegree_Nagative" time="13.864" errors="0" timestamp="2023-04-18T06:49:20 EET" skipped="0">
  <testcase classname="TestNG.editProfile_AddDegree_Nagative" name="f" time="13.864"/>
  <system-out/>
</testsuite> <!-- TestNG.editProfile_AddDegree_Nagative -->
