<?xml version="1.0" encoding="UTF-8"?>
<!-- Generated by org.testng.reporters.JUnitReportReporter -->
<testsuite hostname="HAGRASS" failures="0" tests="1" name="SimPlan.UpdateSimPlanNG" time="16.420" errors="0" timestamp="2023-08-06T11:56:32 EET" skipped="0">
  <testcase classname="SimPlan.UpdateSimPlanNG" name="UpdateSimPlanNG" time="16.420"/>
  <system-out/>
</testsuite> <!-- SimPlan.UpdateSimPlanNG -->
