<?xml version="1.0" encoding="UTF-8"?>
<!-- Generated by org.testng.reporters.JUnitReportReporter -->
<testsuite hostname="HAGRASS" failures="0" tests="1" name="ASSEM.TestNG4" time="9.417" errors="0" timestamp="2023-04-19T17:37:53 EET" skipped="0">
  <testcase classname="ASSEM.TestNG4" name="main" time="9.417"/>
  <system-out/>
</testsuite> <!-- ASSEM.TestNG4 -->
