<?xml version="1.0" encoding="UTF-8"?>
<!-- Generated by org.testng.reporters.JUnitReportReporter -->
<testsuite hostname="HAGRASS" failures="0" tests="1" name="TestNG.withdrawJob" time="14.691" errors="0" timestamp="2023-04-18T06:40:34 EET" skipped="0">
  <testcase classname="TestNG.withdrawJob" name="f" time="14.691"/>
  <system-out/>
</testsuite> <!-- TestNG.withdrawJob -->
