<?xml version="1.0" encoding="UTF-8"?>
<!-- Generated by org.testng.reporters.JUnitReportReporter -->
<testsuite hostname="HAGRASS" failures="0" tests="1" name="maiada.NG_createAccPos" time="8.409" errors="0" timestamp="2023-04-18T17:52:31 EET" skipped="0">
  <testcase classname="maiada.NG_createAccPos" name="main" time="8.409"/>
  <system-out/>
</testsuite> <!-- maiada.NG_createAccPos -->
