<?xml version="1.0" encoding="UTF-8"?>
<!-- Generated by org.testng.reporters.JUnitReportReporter -->
<testsuite hostname="HAGRASS" failures="0" tests="1" name="TestNG.ViewSavedJobs" time="7.969" errors="0" timestamp="2023-04-18T06:44:35 EET" skipped="0">
  <testcase classname="TestNG.ViewSavedJobs" name="f" time="7.969"/>
  <system-out/>
</testsuite> <!-- TestNG.ViewSavedJobs -->
