<?xml version="1.0" encoding="UTF-8"?>
<!-- Generated by org.testng.reporters.JUnitReportReporter -->
<testsuite hostname="HAGRASS" failures="0" tests="1" name="CommonSteps.LoginNG" time="0.008" errors="0" timestamp="2023-07-26T15:18:21 EET" skipped="0">
  <testcase classname="CommonSteps.LoginNG" name="login" time="0.008"/>
  <system-out/>
</testsuite> <!-- CommonSteps.LoginNG -->
