<?xml version="1.0" encoding="UTF-8"?>
<!-- Generated by org.testng.reporters.JUnitReportReporter -->
<testsuite hostname="HAGRASS" failures="0" tests="1" name="Gateways.CreateNewGatewayNG" time="16.697" errors="0" timestamp="2023-08-06T12:00:40 EET" skipped="0">
  <testcase classname="Gateways.CreateNewGatewayNG" name="CreateNewGatewayNG" time="16.697"/>
  <system-out/>
</testsuite> <!-- Gateways.CreateNewGatewayNG -->
