<?xml version="1.0" encoding="UTF-8"?>
<!-- Generated by org.testng.reporters.JUnitReportReporter -->
<testsuite hostname="HAGRASS" failures="0" tests="1" name="Sim.AddbundleOnlyNG" time="152.887" errors="0" timestamp="2023-08-15T13:17:07 EET" skipped="0">
  <testcase classname="Sim.AddbundleOnlyNG" name="f" time="152.887"/>
  <system-out/>
</testsuite> <!-- Sim.AddbundleOnlyNG -->
