<?xml version="1.0" encoding="UTF-8"?>
<!-- Generated by org.testng.reporters.JUnitReportReporter -->
<testsuite hostname="HAGRASS" failures="0" tests="1" name="maiada.NG_deleteAcc" time="9.708" errors="0" timestamp="2023-04-18T17:49:42 EET" skipped="0">
  <testcase classname="maiada.NG_deleteAcc" name="main" time="9.708"/>
  <system-out/>
</testsuite> <!-- maiada.NG_deleteAcc -->
