<?xml version="1.0" encoding="UTF-8"?>
<!-- Generated by org.testng.reporters.JUnitReportReporter -->
<testsuite hostname="HAGRASS" failures="0" tests="1" name="TestNG.AppliedJob" time="11.198" errors="0" timestamp="2023-04-18T06:40:34 EET" skipped="0">
  <testcase classname="TestNG.AppliedJob" name="f" time="11.198"/>
  <system-out/>
</testsuite> <!-- TestNG.AppliedJob -->
