<?xml version="1.0" encoding="UTF-8"?>
<!-- Generated by org.testng.reporters.JUnitReportReporter -->
<testsuite hostname="HAGRASS" failures="0" tests="1" name="TestNG.SearchFromFilteringJobs" time="9.352" errors="0" timestamp="2023-07-11T17:09:54 EET" skipped="0">
  <testcase classname="TestNG.SearchFromFilteringJobs" name="f" time="9.352"/>
  <system-out/>
</testsuite> <!-- TestNG.SearchFromFilteringJobs -->
