<?xml version="1.0" encoding="UTF-8"?>
<!-- Generated by org.testng.reporters.JUnitReportReporter -->
<testsuite hostname="HAGRASS" failures="0" tests="1" name="Sim.DeleteSimNG" time="27.348" errors="0" timestamp="2023-08-13T10:04:58 EET" skipped="0">
  <testcase classname="Sim.DeleteSimNG" name="DeleteSimNG" time="27.348"/>
  <system-out/>
</testsuite> <!-- Sim.DeleteSimNG -->
