<?xml version="1.0" encoding="UTF-8"?>
<!-- Generated by org.testng.reporters.JUnitReportReporter -->
<testsuite hostname="HAGRASS" failures="0" tests="1" name="Sim.SendUSSDNG" time="19.611" errors="0" timestamp="2023-08-17T12:33:33 EET" skipped="0">
  <testcase classname="Sim.SendUSSDNG" name="SendUSSDNG" time="19.611"/>
  <system-out/>
</testsuite> <!-- Sim.SendUSSDNG -->
