<?xml version="1.0" encoding="UTF-8"?>
<!-- Generated by org.testng.reporters.JUnitReportReporter -->
<testsuite hostname="HAGRASS" failures="0" tests="1" name="Routing.DeleteRoutingNG" time="12.274" errors="0" timestamp="2023-08-06T13:18:30 EET" skipped="0">
  <testcase classname="Routing.DeleteRoutingNG" name="DeleteRoutingNG" time="12.274"/>
  <system-out/>
</testsuite> <!-- Routing.DeleteRoutingNG -->
