<?xml version="1.0" encoding="UTF-8"?>
<!-- Generated by org.testng.reporters.JUnitReportReporter -->
<testsuite hostname="HAGRASS" failures="0" tests="1" name="ASSEM.TestNG3" time="18.186" errors="0" timestamp="2023-04-19T17:41:37 EET" skipped="0">
  <testcase classname="ASSEM.TestNG3" name="main" time="18.186"/>
  <system-out/>
</testsuite> <!-- ASSEM.TestNG3 -->
