<?xml version="1.0" encoding="UTF-8"?>
<!-- Generated by org.testng.reporters.JUnitReportReporter -->
<testsuite hostname="HAGRASS" failures="0" tests="1" name="Sim.CreateNewSimNG" time="45.839" errors="0" timestamp="2023-08-13T10:04:58 EET" skipped="0">
  <testcase classname="Sim.CreateNewSimNG" name="CreateNewSimNG" time="45.839"/>
  <system-out/>
</testsuite> <!-- Sim.CreateNewSimNG -->
