<?xml version="1.0" encoding="UTF-8"?>
<!-- Generated by org.testng.reporters.JUnitReportReporter -->
<testsuite hostname="HAGRASS" failures="0" tests="1" name="TestNG.SearchForAJob" time="6.034" errors="0" timestamp="2023-07-11T17:07:28 EET" skipped="0">
  <testcase classname="TestNG.SearchForAJob" name="f" time="6.034"/>
  <system-out/>
</testsuite> <!-- TestNG.SearchForAJob -->
